Loading the datasets...
Loading the sub-dataset...

 Principal Component Analysis...
 - Number of components:  1
Explained variance:  [211.24306894]
Explained variance ratio:  [0.52807695]
Singular values:  [1332.00245346]

 Logistic Regression...
Mean accuracy of Logistic Regression (before optimization) on: 
 - Validation set: 0.9986
 - Test set: 0.9546
with the coefficients: 
 - coef_:  [[-9.45216209]]
 - intercept_: [6.56977468]

 Grid Search...
 - Best parameter:  {'C': 0.01}

 Mean accuracy of Logistic Regression (after optimization) on: 
 - Validation set: 0.9986
 - Test set: 0.9546
with the coefficients: 
 - coef_:  [[-9.45216209]]
 - intercept_: [6.56977468]
